\BOOKMARK [0][-]{chapter.1}{Einleitung}{}% 1
\BOOKMARK [1][-]{section.1.1}{Motivation}{chapter.1}% 2
\BOOKMARK [1][-]{section.1.2}{Untersuchte Algorithmen}{chapter.1}% 3
\BOOKMARK [0][-]{chapter.2}{Inhalt}{}% 4
\BOOKMARK [1][-]{section.2.1}{SIFT}{chapter.2}% 5
\BOOKMARK [2][-]{subsection.2.1.1}{Merkmalsextraktion}{section.2.1}% 6
\BOOKMARK [2][-]{subsection.2.1.2}{Deskriptorberechnung}{section.2.1}% 7
\BOOKMARK [1][-]{section.2.2}{SURF}{chapter.2}% 8
\BOOKMARK [2][-]{subsection.2.2.1}{Merkmalsextraktion}{section.2.2}% 9
\BOOKMARK [2][-]{subsection.2.2.2}{Deskriptorberechnung}{section.2.2}% 10
\BOOKMARK [1][-]{section.2.3}{ORB}{chapter.2}% 11
\BOOKMARK [2][-]{subsection.2.3.1}{Merkmalsextraktion}{section.2.3}% 12
\BOOKMARK [2][-]{subsection.2.3.2}{Deskriptorberechnung}{section.2.3}% 13
\BOOKMARK [1][-]{section.2.4}{Bruteforce Matcher}{chapter.2}% 14
\BOOKMARK [1][-]{section.2.5}{Homographie}{chapter.2}% 15
\BOOKMARK [1][-]{section.2.6}{RANSAC}{chapter.2}% 16
\BOOKMARK [0][-]{chapter.3}{Merkmalsextraktion}{}% 17
\BOOKMARK [1][-]{section.3.1}{Verwendete Software}{chapter.3}% 18
\BOOKMARK [1][-]{section.3.2}{Hardware}{chapter.3}% 19
\BOOKMARK [1][-]{section.3.3}{Erstellte Software}{chapter.3}% 20
\BOOKMARK [2][-]{subsection.3.3.1}{GPU Beschleunigung}{section.3.3}% 21
\BOOKMARK [2][-]{subsection.3.3.2}{Benchmark}{section.3.3}% 22
\BOOKMARK [0][-]{chapter.4}{Ergebnisse}{}% 23
\BOOKMARK [1][-]{section.4.1}{Laufzeit}{chapter.4}% 24
\BOOKMARK [1][-]{section.4.2}{Anzahl der korrekten Matches}{chapter.4}% 25
\BOOKMARK [1][-]{section.4.3}{Stabilit\344t gegen Rotation}{chapter.4}% 26
\BOOKMARK [1][-]{section.4.4}{Stabilit\344t gegen Skalierung}{chapter.4}% 27
\BOOKMARK [1][-]{section.4.5}{Stabilit\344t der Lokalisierung}{chapter.4}% 28
\BOOKMARK [1][-]{section.4.6}{Testvideos}{chapter.4}% 29
\BOOKMARK [0][-]{chapter.5}{Ausblick}{}% 30
\BOOKMARK [0][-]{chapter.6}{Zusammenfassung}{}% 31
\BOOKMARK [0][-]{section*.22}{Glossar}{}% 32
\BOOKMARK [0][-]{appendix*.23}{Literaturverzeichnis}{}% 33
